<?xml version="1.0" encoding="UTF-8"?>
<!-- Generated by org.testng.reporters.JUnitReportReporter -->
<testsuite hostname="Ainoor" failures="0" tests="2" name="testclasses.LoginTest" time="0.977" errors="0" timestamp="2024-02-10T09:24:07 IST" skipped="0">
  <testcase classname="testclasses.LoginTest" name="validateTitle" time="0.474"/>
  <system-out/>
  <testcase classname="testclasses.LoginTest" name="loginToApp" time="0.503"/>
  <system-out/>
</testsuite> <!-- testclasses.LoginTest -->
